TN:
SF:/Users/mickaelmatuchak/Sites/pandatrip/pandatrip-frontend/src/polyfills.ts
FNF:0
FNH:0
DA:41,1
DA:42,1
DA:56,1
LF:3
LH:3
BRF:0
BRH:0
end_of_record
TN:
SF:/Users/mickaelmatuchak/Sites/pandatrip/pandatrip-frontend/src/test.ts
FN:20,(anonymous_0)
FNF:1
FNH:1
FNDA:1,(anonymous_0)
DA:3,1
DA:4,1
DA:5,1
DA:6,1
DA:7,1
DA:8,1
DA:9,1
DA:10,1
DA:20,1
DA:23,1
DA:28,1
DA:30,1
DA:32,1
LF:13
LH:13
BRF:0
BRH:0
end_of_record
TN:
SF:/Users/mickaelmatuchak/Sites/pandatrip/pandatrip-frontend/src/app/app-shared-service.ts
FN:6,(anonymous_1)
FN:5,AppSharedService
FN:12,(anonymous_3)
FNF:3
FNH:2
FNDA:1,(anonymous_1)
FNDA:4,AppSharedService
FNDA:0,(anonymous_3)
DA:2,1
DA:3,1
DA:6,1
DA:8,4
DA:10,4
DA:12,1
DA:13,0
DA:15,1
LF:8
LH:7
BRF:0
BRH:0
end_of_record
TN:
SF:/Users/mickaelmatuchak/Sites/pandatrip/pandatrip-frontend/src/app/app.component.ts
FN:13,(anonymous_2)
FN:19,AppComponent
FN:29,(anonymous_4)
FN:43,(anonymous_5)
FN:47,(anonymous_6)
FNF:5
FNH:2
FNDA:1,(anonymous_2)
FNDA:1,AppComponent
FNDA:0,(anonymous_4)
FNDA:0,(anonymous_5)
FNDA:0,(anonymous_6)
DA:1,1
DA:2,1
DA:3,1
DA:4,1
DA:13,1
DA:17,1
DA:19,1
DA:20,1
DA:21,1
DA:22,1
DA:23,1
DA:24,1
DA:25,0
DA:26,0
DA:28,1
DA:30,0
DA:31,0
DA:33,0
DA:34,0
DA:35,0
DA:37,0
DA:43,1
DA:44,0
DA:47,1
DA:48,0
DA:50,0
DA:51,0
DA:52,0
DA:54,0
DA:56,1
LF:30
LH:16
BRDA:24,0,0,0
BRDA:24,0,1,1
BRDA:31,1,0,0
BRDA:31,1,1,0
BRDA:33,2,0,0
BRDA:33,2,1,0
BRDA:20,3,0,1
BRDA:20,3,1,0
BRDA:20,4,0,1
BRDA:20,5,0,1
BRDA:20,5,1,1
BRDA:20,5,2,0
BRDA:20,6,0,1
BRDA:20,6,1,1
BRDA:21,7,0,1
BRDA:21,7,1,1
BRDA:21,7,2,0
BRDA:21,8,0,1
BRDA:21,8,1,1
BRF:19
BRH:11
end_of_record
TN:
SF:/Users/mickaelmatuchak/Sites/pandatrip/pandatrip-frontend/src/app/app.service.ts
FN:13,(anonymous_2)
FN:14,AppService
FN:23,(anonymous_4)
FN:32,(anonymous_5)
FN:36,(anonymous_6)
FN:41,(anonymous_7)
FN:63,(anonymous_8)
FN:74,(anonymous_9)
FN:84,(anonymous_10)
FNF:9
FNH:3
FNDA:1,(anonymous_2)
FNDA:4,AppService
FNDA:0,(anonymous_4)
FNDA:2,(anonymous_5)
FNDA:0,(anonymous_6)
FNDA:0,(anonymous_7)
FNDA:0,(anonymous_8)
FNDA:0,(anonymous_9)
FNDA:0,(anonymous_10)
DA:1,1
DA:2,1
DA:3,1
DA:5,1
DA:6,1
DA:7,1
DA:8,1
DA:10,1
DA:13,1
DA:14,4
DA:19,1
DA:21,4
DA:23,1
DA:24,0
DA:25,0
DA:26,0
DA:27,0
DA:29,0
DA:32,1
DA:33,2
DA:36,1
DA:37,0
DA:38,0
DA:41,1
DA:43,0
DA:44,0
DA:46,0
DA:47,0
DA:49,0
DA:50,0
DA:51,0
DA:56,0
DA:57,0
DA:60,0
DA:63,1
DA:64,0
DA:66,0
DA:67,0
DA:68,0
DA:71,0
DA:74,1
DA:77,0
DA:78,0
DA:81,0
DA:84,1
DA:87,0
DA:88,0
DA:90,0
DA:91,0
DA:93,0
DA:97,0
DA:99,1
LF:52
LH:21
BRDA:43,0,0,0
BRDA:43,0,1,0
BRDA:44,1,0,0
BRDA:44,1,1,0
BRDA:49,2,0,0
BRDA:49,2,1,0
BRDA:56,3,0,0
BRDA:56,3,1,0
BRDA:66,4,0,0
BRDA:66,4,1,0
BRDA:87,5,0,0
BRDA:87,5,1,0
BRDA:90,6,0,0
BRDA:90,6,1,0
BRDA:14,7,0,1
BRDA:14,7,1,0
BRDA:14,8,0,1
BRDA:14,9,0,1
BRDA:14,9,1,1
BRDA:14,9,2,0
BRDA:14,10,0,1
BRDA:14,10,1,1
BRF:22
BRH:6
end_of_record
TN:
SF:/Users/mickaelmatuchak/Sites/pandatrip/pandatrip-frontend/src/app/guide/guide.component.ts
FN:16,(anonymous_2)
FN:18,GuideComponent
FN:24,(anonymous_4)
FN:26,(anonymous_5)
FN:50,(anonymous_6)
FN:61,(anonymous_7)
FN:91,(anonymous_8)
FN:96,(anonymous_10)
FNF:8
FNH:3
FNDA:1,(anonymous_2)
FNDA:1,GuideComponent
FNDA:0,(anonymous_4)
FNDA:0,(anonymous_5)
FNDA:1,(anonymous_6)
FNDA:0,(anonymous_7)
FNDA:0,(anonymous_8)
FNDA:0,(anonymous_10)
DA:1,1
DA:2,1
DA:3,1
DA:4,1
DA:5,1
DA:6,1
DA:7,1
DA:16,1
DA:18,1
DA:19,1
DA:24,1
DA:25,0
DA:27,0
DA:29,0
DA:30,0
DA:32,0
DA:33,0
DA:37,0
DA:38,0
DA:42,0
DA:50,1
DA:51,1
DA:52,1
DA:54,1
DA:55,3
DA:57,3
DA:60,1
DA:62,0
DA:63,0
DA:67,0
DA:68,0
DA:69,0
DA:71,0
DA:72,0
DA:75,0
DA:77,0
DA:79,0
DA:81,0
DA:84,0
DA:86,0
DA:91,1
DA:92,0
DA:93,0
DA:95,0
DA:96,0
DA:97,0
DA:100,0
DA:102,0
DA:105,0
DA:108,1
LF:50
LH:20
BRDA:95,0,0,0
BRDA:95,0,1,0
BRDA:18,1,0,1
BRDA:18,1,1,0
BRDA:18,2,0,1
BRDA:18,3,0,1
BRDA:18,3,1,1
BRDA:18,3,2,0
BRDA:18,4,0,1
BRDA:18,4,1,1
BRF:10
BRH:6
end_of_record
TN:
SF:/Users/mickaelmatuchak/Sites/pandatrip/pandatrip-frontend/src/app/guide/guide.model.ts
FN:4,(anonymous_0)
FN:5,GuideModel
FNF:2
FNH:2
FNDA:1,(anonymous_0)
FNDA:3,GuideModel
DA:4,1
DA:9,3
DA:10,3
DA:11,3
DA:12,3
DA:13,3
DA:14,3
DA:15,3
DA:16,3
DA:17,3
DA:18,3
DA:19,3
DA:34,1
LF:13
LH:13
BRF:0
BRH:0
end_of_record
TN:
SF:/Users/mickaelmatuchak/Sites/pandatrip/pandatrip-frontend/src/app/guide/guide.service.ts
FN:8,(anonymous_2)
FN:12,GuideService
FN:15,(anonymous_4)
FN:18,(anonymous_5)
FN:22,(anonymous_6)
FN:27,(anonymous_7)
FN:30,(anonymous_8)
FN:35,(anonymous_9)
FNF:8
FNH:3
FNDA:1,(anonymous_2)
FNDA:2,GuideService
FNDA:0,(anonymous_4)
FNDA:0,(anonymous_5)
FNDA:1,(anonymous_6)
FNDA:0,(anonymous_7)
FNDA:0,(anonymous_8)
FNDA:0,(anonymous_9)
DA:1,1
DA:2,1
DA:4,1
DA:8,1
DA:10,2
DA:12,2
DA:15,1
DA:16,0
DA:18,0
DA:22,1
DA:23,1
DA:25,1
DA:27,0
DA:30,1
DA:31,0
DA:33,0
DA:35,0
DA:37,1
LF:18
LH:12
BRDA:12,0,0,1
BRDA:12,0,1,0
BRDA:12,1,0,1
BRF:3
BRH:2
end_of_record
TN:
SF:/Users/mickaelmatuchak/Sites/pandatrip/pandatrip-frontend/src/app/home/home.component.ts
FN:9,(anonymous_2)
FN:11,HomeComponent
FN:14,(anonymous_4)
FNF:3
FNH:3
FNDA:1,(anonymous_2)
FNDA:1,HomeComponent
FNDA:1,(anonymous_4)
DA:1,1
DA:9,1
DA:14,1
DA:17,1
LF:4
LH:4
BRF:0
BRH:0
end_of_record
TN:
SF:/Users/mickaelmatuchak/Sites/pandatrip/pandatrip-frontend/src/app/image/image.model.ts
FN:1,(anonymous_0)
FN:2,ImageModel
FNF:2
FNH:2
FNDA:1,(anonymous_0)
FNDA:5,ImageModel
DA:1,1
DA:3,5
DA:4,5
DA:5,5
DA:11,1
LF:5
LH:5
BRF:0
BRH:0
end_of_record
TN:
SF:/Users/mickaelmatuchak/Sites/pandatrip/pandatrip-frontend/src/app/login/login.component.ts
FN:12,(anonymous_2)
FN:17,LoginComponent
FN:22,(anonymous_4)
FN:27,(anonymous_5)
FN:30,(anonymous_6)
FN:34,(anonymous_7)
FNF:6
FNH:1
FNDA:1,(anonymous_2)
FNDA:0,LoginComponent
FNDA:0,(anonymous_4)
FNDA:0,(anonymous_5)
FNDA:0,(anonymous_6)
FNDA:0,(anonymous_7)
DA:1,1
DA:2,1
DA:3,1
DA:4,1
DA:12,1
DA:17,0
DA:18,0
DA:19,0
DA:22,1
DA:23,0
DA:24,0
DA:27,1
DA:28,0
DA:29,0
DA:31,0
DA:32,0
DA:34,0
DA:37,1
LF:18
LH:8
BRDA:17,0,0,1
BRDA:17,0,1,0
BRDA:17,1,0,1
BRDA:17,2,0,1
BRDA:17,2,1,1
BRDA:17,2,2,0
BRDA:17,3,0,1
BRDA:17,3,1,1
BRDA:18,4,0,1
BRDA:18,4,1,1
BRDA:18,4,2,0
BRDA:18,5,0,1
BRDA:18,5,1,1
BRF:13
BRH:10
end_of_record
TN:
SF:/Users/mickaelmatuchak/Sites/pandatrip/pandatrip-frontend/src/app/login/login.service.ts
FN:8,(anonymous_2)
FN:10,LoginService
FN:13,(anonymous_4)
FN:34,(anonymous_5)
FN:35,(anonymous_6)
FN:38,(anonymous_7)
FNF:6
FNH:2
FNDA:1,(anonymous_2)
FNDA:1,LoginService
FNDA:0,(anonymous_4)
FNDA:0,(anonymous_5)
FNDA:0,(anonymous_6)
FNDA:0,(anonymous_7)
DA:1,1
DA:2,1
DA:4,1
DA:5,1
DA:8,1
DA:10,1
DA:13,1
DA:15,0
DA:17,0
DA:19,0
DA:20,0
DA:22,0
DA:23,0
DA:24,0
DA:26,0
DA:27,0
DA:29,0
DA:31,0
DA:34,0
DA:35,0
DA:38,1
DA:39,0
DA:40,0
DA:42,1
LF:24
LH:9
BRDA:35,0,0,0
BRDA:35,0,1,0
BRDA:40,1,0,0
BRDA:40,1,1,0
BRDA:10,2,0,1
BRDA:10,2,1,0
BRDA:10,3,0,1
BRF:7
BRH:2
end_of_record
TN:
SF:/Users/mickaelmatuchak/Sites/pandatrip/pandatrip-frontend/src/app/partners/partners.component.ts
FN:15,(anonymous_2)
FN:25,PartnersComponent
FN:37,(anonymous_4)
FN:42,(anonymous_5)
FN:52,(anonymous_6)
FNF:5
FNH:1
FNDA:1,(anonymous_2)
FNDA:0,PartnersComponent
FNDA:0,(anonymous_4)
FNDA:0,(anonymous_5)
FNDA:0,(anonymous_6)
DA:1,1
DA:2,1
DA:3,1
DA:4,1
DA:5,1
DA:6,1
DA:15,1
DA:25,0
DA:26,0
DA:27,0
DA:28,0
DA:29,0
DA:30,0
DA:31,0
DA:32,0
DA:33,0
DA:37,1
DA:38,0
DA:39,0
DA:42,1
DA:43,0
DA:44,0
DA:45,0
DA:47,0
DA:48,0
DA:50,0
DA:53,0
DA:54,0
DA:55,0
DA:59,1
LF:30
LH:10
BRDA:30,0,0,0
BRDA:30,0,1,0
BRDA:44,1,0,0
BRDA:44,1,1,0
BRDA:25,2,0,1
BRDA:25,2,1,0
BRDA:25,3,0,1
BRDA:25,4,0,1
BRDA:25,4,1,1
BRDA:25,4,2,0
BRDA:25,5,0,1
BRDA:25,5,1,1
BRDA:26,6,0,1
BRDA:26,6,1,1
BRDA:26,6,2,0
BRDA:26,7,0,1
BRDA:26,7,1,1
BRDA:27,8,0,1
BRDA:27,8,1,1
BRDA:27,8,2,0
BRDA:27,9,0,1
BRDA:27,9,1,1
BRDA:28,10,0,1
BRDA:28,10,1,1
BRDA:28,10,2,0
BRDA:28,11,0,1
BRDA:28,11,1,1
BRF:27
BRH:18
end_of_record
TN:
SF:/Users/mickaelmatuchak/Sites/pandatrip/pandatrip-frontend/src/app/partners/partners.service.ts
FN:6,(anonymous_2)
FN:8,PartnersService
FN:11,(anonymous_4)
FN:38,(anonymous_5)
FNF:4
FNH:2
FNDA:1,(anonymous_2)
FNDA:2,PartnersService
FNDA:0,(anonymous_4)
FNDA:0,(anonymous_5)
DA:1,1
DA:2,1
DA:3,1
DA:6,1
DA:8,2
DA:11,1
DA:15,0
DA:17,0
DA:22,0
DA:24,0
DA:34,0
DA:38,0
DA:40,1
LF:13
LH:7
BRDA:38,0,0,0
BRDA:38,0,1,0
BRDA:8,1,0,1
BRDA:8,1,1,0
BRDA:8,2,0,1
BRF:5
BRH:2
end_of_record
TN:
SF:/Users/mickaelmatuchak/Sites/pandatrip/pandatrip-frontend/src/app/profil/profil.component.ts
FN:20,(anonymous_2)
FN:32,ProfilComponent
FN:42,(anonymous_4)
FN:54,(anonymous_5)
FN:63,(anonymous_6)
FN:71,(anonymous_7)
FN:102,(anonymous_8)
FN:104,(anonymous_9)
FN:125,(anonymous_10)
FN:127,(anonymous_11)
FN:140,(anonymous_12)
FN:142,(anonymous_13)
FN:155,(anonymous_14)
FN:157,(anonymous_15)
FN:181,(anonymous_16)
FN:183,(anonymous_17)
FN:210,(anonymous_18)
FN:224,(anonymous_19)
FN:227,(anonymous_20)
FN:233,(anonymous_21)
FN:236,(anonymous_22)
FNF:21
FNH:1
FNDA:1,(anonymous_2)
FNDA:0,ProfilComponent
FNDA:0,(anonymous_4)
FNDA:0,(anonymous_5)
FNDA:0,(anonymous_6)
FNDA:0,(anonymous_7)
FNDA:0,(anonymous_8)
FNDA:0,(anonymous_9)
FNDA:0,(anonymous_10)
FNDA:0,(anonymous_11)
FNDA:0,(anonymous_12)
FNDA:0,(anonymous_13)
FNDA:0,(anonymous_14)
FNDA:0,(anonymous_15)
FNDA:0,(anonymous_16)
FNDA:0,(anonymous_17)
FNDA:0,(anonymous_18)
FNDA:0,(anonymous_19)
FNDA:0,(anonymous_20)
FNDA:0,(anonymous_21)
FNDA:0,(anonymous_22)
DA:1,1
DA:2,1
DA:3,1
DA:4,1
DA:5,1
DA:6,1
DA:7,1
DA:20,1
DA:29,0
DA:30,0
DA:32,0
DA:33,0
DA:34,0
DA:35,0
DA:36,0
DA:37,0
DA:38,0
DA:42,1
DA:43,0
DA:45,0
DA:46,0
DA:49,0
DA:54,1
DA:55,0
DA:56,0
DA:57,0
DA:58,0
DA:59,0
DA:63,1
DA:64,0
DA:65,0
DA:66,0
DA:67,0
DA:68,0
DA:71,1
DA:72,0
DA:73,0
DA:75,0
DA:77,0
DA:79,0
DA:81,0
DA:84,0
DA:87,0
DA:89,0
DA:90,0
DA:92,0
DA:93,0
DA:95,0
DA:96,0
DA:98,0
DA:99,0
DA:102,1
DA:103,0
DA:105,0
DA:106,0
DA:107,0
DA:108,0
DA:109,0
DA:110,0
DA:111,0
DA:112,0
DA:114,0
DA:116,0
DA:117,0
DA:118,0
DA:119,0
DA:125,1
DA:126,0
DA:128,0
DA:129,0
DA:130,0
DA:131,0
DA:132,0
DA:133,0
DA:134,0
DA:135,0
DA:140,1
DA:141,0
DA:143,0
DA:144,0
DA:145,0
DA:146,0
DA:147,0
DA:148,0
DA:149,0
DA:150,0
DA:155,1
DA:156,0
DA:158,0
DA:160,0
DA:161,0
DA:163,0
DA:165,0
DA:166,0
DA:167,0
DA:170,0
DA:173,0
DA:175,0
DA:181,1
DA:182,0
DA:183,0
DA:184,0
DA:186,0
DA:196,0
DA:198,0
DA:202,0
DA:205,0
DA:209,0
DA:211,0
DA:213,0
DA:215,0
DA:219,0
DA:224,1
DA:225,0
DA:226,0
DA:228,0
DA:229,0
DA:233,1
DA:234,0
DA:235,0
DA:237,0
DA:238,0
DA:239,0
DA:240,0
DA:241,0
DA:242,0
DA:243,0
DA:244,0
DA:247,1
LF:129
LH:20
BRDA:35,0,0,0
BRDA:35,0,1,0
BRDA:45,1,0,0
BRDA:45,1,1,0
BRDA:111,2,0,0
BRDA:111,2,1,0
BRDA:118,3,0,0
BRDA:118,3,1,0
BRDA:166,4,0,0
BRDA:166,4,1,0
BRDA:182,5,0,0
BRDA:182,5,1,0
BRDA:32,6,0,1
BRDA:32,6,1,0
BRDA:32,7,0,1
BRDA:32,8,0,1
BRDA:32,8,1,1
BRDA:32,8,2,0
BRDA:32,9,0,1
BRDA:32,9,1,1
BRDA:33,10,0,1
BRDA:33,10,1,1
BRDA:33,10,2,0
BRDA:33,11,0,1
BRDA:33,11,1,1
BRF:25
BRH:10
end_of_record
TN:
SF:/Users/mickaelmatuchak/Sites/pandatrip/pandatrip-frontend/src/app/profil/profil.model.ts
FN:5,(anonymous_0)
FN:6,UserModel
FN:27,(anonymous_2)
FN:28,ParcoursModel
FN:41,(anonymous_4)
FN:42,VisitUser
FN:67,(anonymous_6)
FN:68,VisitGuideModel
FNF:8
FNH:5
FNDA:1,(anonymous_0)
FNDA:3,UserModel
FNDA:1,(anonymous_2)
FNDA:0,ParcoursModel
FNDA:1,(anonymous_4)
FNDA:0,VisitUser
FNDA:1,(anonymous_6)
FNDA:0,VisitGuideModel
DA:5,1
DA:9,3
DA:10,3
DA:11,3
DA:12,3
DA:13,3
DA:14,3
DA:15,3
DA:25,1
DA:27,1
DA:29,0
DA:30,0
DA:31,0
DA:32,0
DA:39,1
DA:41,1
DA:44,0
DA:45,0
DA:46,0
DA:47,0
DA:48,0
DA:49,0
DA:50,0
DA:65,1
DA:67,1
DA:71,0
DA:72,0
DA:73,0
DA:74,0
DA:75,0
DA:76,0
DA:77,0
DA:87,1
LF:33
LH:15
BRF:0
BRH:0
end_of_record
TN:
SF:/Users/mickaelmatuchak/Sites/pandatrip/pandatrip-frontend/src/app/profil/profil.service.ts
FN:8,(anonymous_2)
FN:15,ProfilService
FN:18,(anonymous_4)
FN:23,(anonymous_5)
FN:26,(anonymous_6)
FN:31,(anonymous_7)
FN:36,(anonymous_8)
FN:41,(anonymous_9)
FN:44,(anonymous_10)
FN:49,(anonymous_11)
FN:52,(anonymous_12)
FN:57,(anonymous_13)
FN:60,(anonymous_14)
FN:65,(anonymous_15)
FN:68,(anonymous_16)
FN:87,(anonymous_17)
FN:90,(anonymous_18)
FN:109,(anonymous_19)
FN:112,(anonymous_20)
FN:131,(anonymous_21)
FN:134,(anonymous_22)
FN:162,(anonymous_23)
FNF:22
FNH:2
FNDA:1,(anonymous_2)
FNDA:1,ProfilService
FNDA:0,(anonymous_4)
FNDA:0,(anonymous_5)
FNDA:0,(anonymous_6)
FNDA:0,(anonymous_7)
FNDA:0,(anonymous_8)
FNDA:0,(anonymous_9)
FNDA:0,(anonymous_10)
FNDA:0,(anonymous_11)
FNDA:0,(anonymous_12)
FNDA:0,(anonymous_13)
FNDA:0,(anonymous_14)
FNDA:0,(anonymous_15)
FNDA:0,(anonymous_16)
FNDA:0,(anonymous_17)
FNDA:0,(anonymous_18)
FNDA:0,(anonymous_19)
FNDA:0,(anonymous_20)
FNDA:0,(anonymous_21)
FNDA:0,(anonymous_22)
FNDA:0,(anonymous_23)
DA:1,1
DA:2,1
DA:3,1
DA:8,1
DA:10,1
DA:11,1
DA:12,1
DA:13,1
DA:15,1
DA:18,1
DA:19,0
DA:21,0
DA:23,0
DA:26,1
DA:27,0
DA:29,0
DA:32,0
DA:36,1
DA:37,0
DA:39,0
DA:41,0
DA:44,1
DA:45,0
DA:47,0
DA:49,0
DA:52,1
DA:53,0
DA:55,0
DA:57,0
DA:60,1
DA:61,0
DA:63,0
DA:65,0
DA:68,1
DA:69,0
DA:71,0
DA:76,0
DA:78,0
DA:83,0
DA:87,0
DA:90,1
DA:91,0
DA:93,0
DA:98,0
DA:100,0
DA:105,0
DA:109,0
DA:112,1
DA:113,0
DA:115,0
DA:120,0
DA:122,0
DA:127,0
DA:131,0
DA:134,1
DA:135,0
DA:137,0
DA:142,0
DA:144,0
DA:146,0
DA:147,0
DA:150,0
DA:158,0
DA:162,0
DA:164,1
LF:65
LH:20
BRDA:87,0,0,0
BRDA:87,0,1,0
BRDA:109,1,0,0
BRDA:109,1,1,0
BRDA:131,2,0,0
BRDA:131,2,1,0
BRDA:146,3,0,0
BRDA:146,3,1,0
BRDA:162,4,0,0
BRDA:162,4,1,0
BRDA:15,5,0,1
BRDA:15,5,1,0
BRDA:15,6,0,1
BRF:13
BRH:2
end_of_record
TN:
SF:/Users/mickaelmatuchak/Sites/pandatrip/pandatrip-frontend/src/app/recap/recap.component.ts
FN:14,(anonymous_2)
FN:20,RecapComponent
FN:26,(anonymous_4)
FN:36,(anonymous_5)
FN:42,(anonymous_6)
FN:52,(anonymous_7)
FN:57,(anonymous_8)
FN:60,(anonymous_9)
FN:71,(anonymous_10)
FNF:9
FNH:1
FNDA:1,(anonymous_2)
FNDA:0,RecapComponent
FNDA:0,(anonymous_4)
FNDA:0,(anonymous_5)
FNDA:0,(anonymous_6)
FNDA:0,(anonymous_7)
FNDA:0,(anonymous_8)
FNDA:0,(anonymous_9)
FNDA:0,(anonymous_10)
DA:1,1
DA:3,1
DA:4,1
DA:5,1
DA:14,1
DA:16,0
DA:17,0
DA:20,0
DA:21,0
DA:22,0
DA:23,0
DA:26,1
DA:27,0
DA:29,0
DA:30,0
DA:32,0
DA:36,1
DA:37,0
DA:38,0
DA:42,1
DA:43,0
DA:45,0
DA:47,0
DA:48,0
DA:51,0
DA:53,0
DA:56,0
DA:60,0
DA:61,0
DA:63,0
DA:64,0
DA:65,0
DA:67,0
DA:70,0
DA:72,0
DA:73,0
DA:74,0
DA:75,0
DA:83,0
DA:86,1
LF:40
LH:9
BRDA:29,0,0,0
BRDA:29,0,1,0
BRDA:37,1,0,0
BRDA:37,1,1,0
BRDA:47,2,0,0
BRDA:47,2,1,0
BRDA:72,3,0,0
BRDA:72,3,1,0
BRDA:20,4,0,1
BRDA:20,4,1,0
BRDA:20,5,0,1
BRDA:20,6,0,1
BRDA:20,6,1,1
BRDA:20,6,2,0
BRDA:20,7,0,1
BRDA:20,7,1,1
BRDA:21,8,0,1
BRDA:21,8,1,1
BRDA:21,8,2,0
BRDA:21,9,0,1
BRDA:21,9,1,1
BRF:21
BRH:10
end_of_record
TN:
SF:/Users/mickaelmatuchak/Sites/pandatrip/pandatrip-frontend/src/app/register/register.component.ts
FN:15,(anonymous_2)
FN:24,RegisterComponent
FN:31,(anonymous_4)
FN:41,(anonymous_5)
FN:48,(anonymous_6)
FN:50,(anonymous_7)
FN:54,(anonymous_8)
FN:56,(anonymous_9)
FNF:8
FNH:1
FNDA:1,(anonymous_2)
FNDA:0,RegisterComponent
FNDA:0,(anonymous_4)
FNDA:0,(anonymous_5)
FNDA:0,(anonymous_6)
FNDA:0,(anonymous_7)
FNDA:0,(anonymous_8)
FNDA:0,(anonymous_9)
DA:1,1
DA:2,1
DA:3,1
DA:4,1
DA:5,1
DA:6,1
DA:15,1
DA:24,0
DA:25,0
DA:26,0
DA:27,0
DA:28,0
DA:31,1
DA:32,0
DA:33,0
DA:34,0
DA:35,0
DA:36,0
DA:37,0
DA:38,0
DA:41,1
DA:42,0
DA:43,0
DA:44,0
DA:46,0
DA:47,0
DA:49,0
DA:51,0
DA:52,0
DA:54,0
DA:56,0
DA:59,1
LF:32
LH:10
BRDA:43,0,0,0
BRDA:43,0,1,0
BRDA:43,1,0,0
BRDA:43,1,1,0
BRDA:43,1,2,0
BRDA:24,2,0,1
BRDA:24,2,1,0
BRDA:24,3,0,1
BRDA:24,4,0,1
BRDA:24,4,1,1
BRDA:24,4,2,0
BRDA:24,5,0,1
BRDA:24,5,1,1
BRDA:25,6,0,1
BRDA:25,6,1,1
BRDA:25,6,2,0
BRDA:25,7,0,1
BRDA:25,7,1,1
BRDA:26,8,0,1
BRDA:26,8,1,1
BRDA:26,8,2,0
BRDA:26,9,0,1
BRDA:26,9,1,1
BRDA:27,10,0,1
BRDA:27,10,1,1
BRDA:27,10,2,0
BRDA:27,11,0,1
BRDA:27,11,1,1
BRF:28
BRH:18
end_of_record
TN:
SF:/Users/mickaelmatuchak/Sites/pandatrip/pandatrip-frontend/src/app/register/register.service.ts
FN:6,(anonymous_2)
FN:8,RegisterService
FN:11,(anonymous_4)
FN:35,(anonymous_5)
FNF:4
FNH:2
FNDA:1,(anonymous_2)
FNDA:1,RegisterService
FNDA:0,(anonymous_4)
FNDA:0,(anonymous_5)
DA:1,1
DA:2,1
DA:3,1
DA:6,1
DA:8,1
DA:11,1
DA:14,0
DA:16,0
DA:18,0
DA:29,0
DA:31,0
DA:35,0
DA:37,1
LF:13
LH:7
BRDA:35,0,0,0
BRDA:35,0,1,0
BRDA:8,1,0,1
BRDA:8,1,1,0
BRDA:8,2,0,1
BRF:5
BRH:2
end_of_record
TN:
SF:/Users/mickaelmatuchak/Sites/pandatrip/pandatrip-frontend/src/app/research/research.component.ts
FN:12,(anonymous_2)
FN:17,ResearchComponent
FN:21,(anonymous_4)
FNF:3
FNH:2
FNDA:1,(anonymous_2)
FNDA:1,ResearchComponent
FNDA:0,(anonymous_4)
DA:1,1
DA:3,1
DA:12,1
DA:13,1
DA:14,1
DA:15,1
DA:17,1
DA:21,1
DA:23,0
DA:24,0
DA:27,0
DA:28,0
DA:29,0
DA:31,0
DA:34,0
DA:41,1
LF:16
LH:9
BRDA:23,0,0,0
BRDA:23,0,1,0
BRDA:27,1,0,0
BRDA:27,1,1,0
BRDA:28,2,0,0
BRDA:28,2,1,0
BRDA:17,3,0,1
BRDA:17,3,1,0
BRDA:17,4,0,1
BRF:9
BRH:2
end_of_record
TN:
SF:/Users/mickaelmatuchak/Sites/pandatrip/pandatrip-frontend/src/app/reviews/review.service.ts
FN:7,(anonymous_2)
FN:11,ReviewService
FN:14,(anonymous_4)
FN:34,(anonymous_5)
FNF:4
FNH:1
FNDA:1,(anonymous_2)
FNDA:0,ReviewService
FNDA:0,(anonymous_4)
FNDA:0,(anonymous_5)
DA:1,1
DA:2,1
DA:3,1
DA:7,1
DA:9,0
DA:11,0
DA:14,1
DA:15,0
DA:20,0
DA:22,0
DA:30,0
DA:34,0
DA:36,1
LF:13
LH:6
BRDA:34,0,0,0
BRDA:34,0,1,0
BRDA:11,1,0,1
BRDA:11,1,1,0
BRDA:11,2,0,1
BRF:5
BRH:2
end_of_record
TN:
SF:/Users/mickaelmatuchak/Sites/pandatrip/pandatrip-frontend/src/app/reviews/reviews.component.ts
FN:26,(anonymous_2)
FN:36,ReviewsComponent
FN:45,(anonymous_4)
FN:50,(anonymous_5)
FN:72,(anonymous_6)
FN:80,(anonymous_7)
FN:92,(anonymous_8)
FN:100,(anonymous_9)
FNF:8
FNH:1
FNDA:1,(anonymous_2)
FNDA:0,ReviewsComponent
FNDA:0,(anonymous_4)
FNDA:0,(anonymous_5)
FNDA:0,(anonymous_6)
FNDA:0,(anonymous_7)
FNDA:0,(anonymous_8)
FNDA:0,(anonymous_9)
DA:1,1
DA:2,1
DA:10,1
DA:12,1
DA:13,1
DA:14,1
DA:15,1
DA:16,1
DA:26,1
DA:28,1
DA:30,1
DA:31,0
DA:32,0
DA:33,0
DA:34,0
DA:36,0
DA:37,0
DA:38,0
DA:39,0
DA:40,0
DA:45,0
DA:46,0
DA:47,0
DA:50,1
DA:51,0
DA:53,0
DA:54,0
DA:56,0
DA:57,0
DA:59,0
DA:60,0
DA:62,0
DA:63,0
DA:65,0
DA:68,0
DA:72,1
DA:73,0
DA:75,0
DA:76,0
DA:79,0
DA:81,0
DA:83,0
DA:85,0
DA:88,0
DA:91,0
DA:93,0
DA:94,0
DA:96,0
DA:99,0
DA:101,0
DA:102,0
DA:104,0
DA:109,0
DA:112,1
LF:54
LH:14
BRDA:53,0,0,0
BRDA:53,0,1,0
BRDA:75,1,0,0
BRDA:75,1,1,0
BRDA:75,2,0,0
BRDA:75,2,1,0
BRDA:75,2,2,0
BRDA:30,3,0,1
BRDA:30,3,1,0
BRDA:30,4,0,1
BRDA:36,5,0,1
BRDA:36,5,1,0
BRDA:36,6,0,1
BRDA:36,7,0,1
BRDA:36,7,1,1
BRDA:36,7,2,0
BRDA:36,8,0,1
BRDA:36,8,1,1
BRDA:37,9,0,1
BRDA:37,9,1,1
BRDA:37,9,2,0
BRDA:37,10,0,1
BRDA:37,10,1,1
BRDA:38,11,0,1
BRDA:38,11,1,1
BRDA:38,11,2,0
BRDA:38,12,0,1
BRDA:38,12,1,1
BRDA:39,13,0,1
BRDA:39,13,1,1
BRDA:39,13,2,0
BRDA:39,14,0,1
BRDA:39,14,1,1
BRF:33
BRH:20
end_of_record
TN:
SF:/Users/mickaelmatuchak/Sites/pandatrip/pandatrip-frontend/src/app/reviews/reviews.model.ts
FN:3,(anonymous_0)
FN:4,ReviewsModel
FNF:2
FNH:1
FNDA:1,(anonymous_0)
FNDA:0,ReviewsModel
DA:3,1
DA:5,0
DA:6,0
DA:7,0
DA:8,0
DA:9,0
DA:10,0
DA:19,1
LF:8
LH:2
BRF:0
BRH:0
end_of_record
TN:
SF:/Users/mickaelmatuchak/Sites/pandatrip/pandatrip-frontend/src/app/search/search.component.ts
FN:54,(anonymous_2)
FN:68,SearchComponent
FN:73,(anonymous_4)
FN:75,(anonymous_5)
FN:78,(anonymous_6)
FNF:5
FNH:1
FNDA:1,(anonymous_2)
FNDA:0,SearchComponent
FNDA:0,(anonymous_4)
FNDA:0,(anonymous_5)
FNDA:0,(anonymous_6)
DA:1,1
DA:2,1
DA:3,1
DA:4,1
DA:5,1
DA:6,1
DA:7,1
DA:8,1
DA:10,1
DA:54,1
DA:56,0
DA:61,0
DA:68,0
DA:69,0
DA:73,1
DA:75,0
DA:77,0
DA:79,0
DA:87,1
LF:19
LH:12
BRDA:68,0,0,1
BRDA:68,0,1,0
BRDA:68,1,0,1
BRDA:68,2,0,1
BRDA:68,2,1,1
BRDA:68,2,2,0
BRDA:68,3,0,1
BRDA:68,3,1,1
BRF:8
BRH:6
end_of_record
TN:
SF:/Users/mickaelmatuchak/Sites/pandatrip/pandatrip-frontend/src/app/search/visit-filter.pipe.ts
FN:9,(anonymous_1)
FN:9,VisitFilterPipe
FN:10,(anonymous_3)
FN:15,(anonymous_4)
FN:18,(anonymous_5)
FNF:5
FNH:1
FNDA:1,(anonymous_1)
FNDA:0,VisitFilterPipe
FNDA:0,(anonymous_3)
FNDA:0,(anonymous_4)
FNDA:0,(anonymous_5)
DA:1,1
DA:9,1
DA:10,1
DA:11,0
DA:12,0
DA:15,0
DA:18,1
DA:19,0
DA:21,0
DA:24,0
DA:27,0
DA:29,1
LF:12
LH:5
BRDA:11,0,0,0
BRDA:11,0,1,0
BRDA:11,1,0,0
BRDA:11,1,1,0
BRDA:21,2,0,0
BRDA:21,2,1,0
BRDA:21,3,0,0
BRDA:21,3,1,0
BRDA:21,3,2,0
BRDA:21,3,3,0
BRDA:21,3,4,0
BRF:11
BRH:0
end_of_record
TN:
SF:/Users/mickaelmatuchak/Sites/pandatrip/pandatrip-frontend/src/app/theme/theme.component.ts
FN:14,(anonymous_2)
FN:18,ThemeComponent
FN:22,(anonymous_4)
FN:36,(anonymous_5)
FN:42,(anonymous_6)
FN:46,(anonymous_7)
FN:48,(anonymous_8)
FNF:7
FNH:3
FNDA:1,(anonymous_2)
FNDA:1,ThemeComponent
FNDA:0,(anonymous_4)
FNDA:0,(anonymous_5)
FNDA:0,(anonymous_6)
FNDA:1,(anonymous_7)
FNDA:0,(anonymous_8)
DA:1,1
DA:2,1
DA:3,1
DA:4,1
DA:14,1
DA:15,1
DA:18,1
DA:19,1
DA:22,1
DA:23,0
DA:25,0
DA:27,0
DA:28,0
DA:29,0
DA:32,0
DA:36,1
DA:37,0
DA:38,0
DA:39,0
DA:42,1
DA:43,0
DA:46,1
DA:47,1
DA:49,0
DA:53,1
LF:25
LH:14
BRDA:27,0,0,0
BRDA:27,0,1,0
BRDA:18,1,0,1
BRDA:18,1,1,0
BRDA:18,2,0,1
BRDA:18,3,0,1
BRDA:18,3,1,1
BRDA:18,3,2,0
BRDA:18,4,0,1
BRDA:18,4,1,1
BRF:10
BRH:6
end_of_record
TN:
SF:/Users/mickaelmatuchak/Sites/pandatrip/pandatrip-frontend/src/app/theme/theme.model.ts
FN:4,(anonymous_0)
FN:5,ThemeModel
FNF:2
FNH:2
FNDA:1,(anonymous_0)
FNDA:1,ThemeModel
DA:4,1
DA:7,1
DA:8,1
DA:9,1
DA:10,1
DA:17,1
LF:6
LH:6
BRF:0
BRH:0
end_of_record
TN:
SF:/Users/mickaelmatuchak/Sites/pandatrip/pandatrip-frontend/src/app/theme/theme.service.ts
FN:8,(anonymous_2)
FN:12,ThemeService
FN:15,(anonymous_4)
FN:18,(anonymous_5)
FN:21,(anonymous_6)
FN:26,(anonymous_7)
FN:29,(anonymous_8)
FN:34,(anonymous_9)
FNF:8
FNH:4
FNDA:1,(anonymous_2)
FNDA:3,ThemeService
FNDA:0,(anonymous_4)
FNDA:0,(anonymous_5)
FNDA:1,(anonymous_6)
FNDA:0,(anonymous_7)
FNDA:1,(anonymous_8)
FNDA:0,(anonymous_9)
DA:1,1
DA:2,1
DA:5,1
DA:8,1
DA:10,3
DA:12,3
DA:15,1
DA:16,0
DA:18,0
DA:21,1
DA:22,1
DA:24,1
DA:26,0
DA:29,1
DA:30,1
DA:32,1
DA:34,0
DA:36,1
LF:18
LH:14
BRDA:12,0,0,1
BRDA:12,0,1,0
BRDA:12,1,0,1
BRF:3
BRH:2
end_of_record
TN:
SF:/Users/mickaelmatuchak/Sites/pandatrip/pandatrip-frontend/src/app/theme-detail/theme-detail.component.ts
FN:16,(anonymous_2)
FN:24,ThemeDetailComponent
FN:29,(anonymous_4)
FN:43,(anonymous_5)
FN:44,(anonymous_6)
FN:53,(anonymous_7)
FN:84,(anonymous_8)
FN:90,(anonymous_9)
FN:94,(anonymous_10)
FNF:9
FNH:5
FNDA:1,(anonymous_2)
FNDA:1,ThemeDetailComponent
FNDA:0,(anonymous_4)
FNDA:1,(anonymous_5)
FNDA:1,(anonymous_6)
FNDA:0,(anonymous_7)
FNDA:0,(anonymous_8)
FNDA:0,(anonymous_9)
FNDA:1,(anonymous_10)
DA:1,1
DA:2,1
DA:3,1
DA:4,1
DA:5,1
DA:6,1
DA:7,1
DA:16,1
DA:18,1
DA:24,1
DA:25,1
DA:26,1
DA:29,1
DA:30,0
DA:32,0
DA:34,0
DA:35,0
DA:36,0
DA:39,0
DA:43,1
DA:44,1
DA:45,1
DA:47,1
DA:51,1
DA:52,1
DA:54,0
DA:56,0
DA:57,0
DA:58,0
DA:60,0
DA:62,0
DA:63,0
DA:64,0
DA:66,0
DA:67,0
DA:70,0
DA:77,0
DA:78,0
DA:84,1
DA:85,0
DA:86,0
DA:87,0
DA:90,1
DA:91,0
DA:94,1
DA:95,1
DA:97,1
LF:47
LH:24
BRDA:34,0,0,0
BRDA:34,0,1,0
BRDA:51,1,0,1
BRDA:51,1,1,0
BRDA:24,2,0,1
BRDA:24,2,1,0
BRDA:24,3,0,1
BRDA:24,4,0,1
BRDA:24,4,1,1
BRDA:24,4,2,0
BRDA:24,5,0,1
BRDA:24,5,1,1
BRDA:25,6,0,1
BRDA:25,6,1,1
BRDA:25,6,2,0
BRDA:25,7,0,1
BRDA:25,7,1,1
BRF:17
BRH:11
end_of_record
TN:
SF:/Users/mickaelmatuchak/Sites/pandatrip/pandatrip-frontend/src/app/visit/position.service.ts
FN:6,(anonymous_2)
FN:8,PositionService
FN:11,(anonymous_4)
FN:15,(anonymous_5)
FNF:4
FNH:2
FNDA:1,(anonymous_2)
FNDA:1,PositionService
FNDA:0,(anonymous_4)
FNDA:0,(anonymous_5)
DA:1,1
DA:2,1
DA:6,1
DA:8,1
DA:11,1
DA:12,0
DA:13,0
DA:15,0
DA:17,1
LF:9
LH:6
BRDA:8,0,0,1
BRDA:8,0,1,0
BRDA:8,1,0,1
BRF:3
BRH:2
end_of_record
TN:
SF:/Users/mickaelmatuchak/Sites/pandatrip/pandatrip-frontend/src/app/visit/visit.component.ts
FN:15,(anonymous_2)
FN:27,VisitComponent
FN:32,(anonymous_4)
FN:50,(anonymous_5)
FN:52,(anonymous_6)
FN:58,(anonymous_7)
FN:64,(anonymous_8)
FN:68,(anonymous_9)
FN:74,(anonymous_10)
FN:76,(anonymous_11)
FN:82,(anonymous_12)
FN:87,(anonymous_13)
FN:97,(anonymous_14)
FN:116,(anonymous_15)
FN:121,VisitSuggestionComponent
FN:124,(anonymous_17)
FN:128,(anonymous_18)
FN:146,(anonymous_19)
FNF:18
FNH:6
FNDA:1,(anonymous_2)
FNDA:1,VisitComponent
FNDA:0,(anonymous_4)
FNDA:1,(anonymous_5)
FNDA:0,(anonymous_6)
FNDA:0,(anonymous_7)
FNDA:0,(anonymous_8)
FNDA:1,(anonymous_9)
FNDA:1,(anonymous_10)
FNDA:0,(anonymous_11)
FNDA:0,(anonymous_12)
FNDA:0,(anonymous_13)
FNDA:0,(anonymous_14)
FNDA:1,(anonymous_15)
FNDA:0,VisitSuggestionComponent
FNDA:0,(anonymous_17)
FNDA:0,(anonymous_18)
FNDA:0,(anonymous_19)
DA:1,1
DA:2,1
DA:4,1
DA:5,1
DA:6,1
DA:15,1
DA:16,1
DA:18,1
DA:19,1
DA:20,1
DA:27,1
DA:28,1
DA:29,1
DA:32,1
DA:33,0
DA:35,0
DA:37,0
DA:38,0
DA:39,0
DA:42,0
DA:50,1
DA:51,1
DA:53,0
DA:58,1
DA:59,0
DA:60,0
DA:61,0
DA:64,1
DA:65,0
DA:68,1
DA:69,1
DA:71,1
DA:74,1
DA:75,1
DA:76,1
DA:77,0
DA:81,0
DA:83,0
DA:84,0
DA:85,0
DA:87,0
DA:88,0
DA:89,0
DA:90,0
DA:91,0
DA:92,0
DA:96,0
DA:98,0
DA:99,0
DA:107,1
DA:116,1
DA:117,0
DA:119,1
DA:121,0
DA:124,1
DA:125,0
DA:127,0
DA:129,0
DA:131,0
DA:132,0
DA:133,0
DA:140,0
DA:141,0
DA:146,1
DA:147,0
DA:149,1
LF:66
LH:30
BRDA:37,0,0,0
BRDA:37,0,1,0
BRDA:75,1,0,1
BRDA:75,1,1,0
BRDA:83,2,0,0
BRDA:83,2,1,0
BRDA:88,3,0,0
BRDA:88,3,1,0
BRDA:91,4,0,0
BRDA:91,4,1,0
BRDA:27,5,0,1
BRDA:27,5,1,0
BRDA:27,6,0,1
BRDA:27,7,0,1
BRDA:27,7,1,1
BRDA:27,7,2,0
BRDA:27,8,0,1
BRDA:27,8,1,1
BRDA:28,9,0,1
BRDA:28,9,1,1
BRDA:28,9,2,0
BRDA:28,10,0,1
BRDA:28,10,1,1
BRDA:132,11,0,0
BRDA:132,11,1,0
BRDA:140,12,0,0
BRDA:140,12,1,0
BRDA:119,13,0,1
BRDA:119,13,1,0
BRDA:119,14,0,1
BRDA:121,15,0,1
BRDA:121,15,1,0
BRDA:121,16,0,1
BRDA:121,17,0,1
BRDA:121,17,1,1
BRDA:121,17,2,0
BRDA:121,18,0,1
BRDA:121,18,1,1
BRF:38
BRH:19
end_of_record
TN:
SF:/Users/mickaelmatuchak/Sites/pandatrip/pandatrip-frontend/src/app/visit/visit.model.ts
FN:4,(anonymous_0)
FN:5,VisitModel
FNF:2
FNH:2
FNDA:1,(anonymous_0)
FNDA:1,VisitModel
DA:4,1
DA:10,1
DA:11,1
DA:12,1
DA:13,1
DA:14,1
DA:15,1
DA:16,1
DA:17,1
DA:18,1
DA:19,1
DA:20,1
DA:21,1
DA:22,1
DA:23,1
DA:24,1
DA:42,1
LF:17
LH:17
BRF:0
BRH:0
end_of_record
TN:
SF:/Users/mickaelmatuchak/Sites/pandatrip/pandatrip-frontend/src/app/visit/visit.service.ts
FN:13,(anonymous_2)
FN:14,VisitService
FN:19,(anonymous_4)
FN:26,(anonymous_5)
FN:29,(anonymous_6)
FN:31,(anonymous_7)
FN:34,(anonymous_8)
FN:39,(anonymous_9)
FN:44,(anonymous_10)
FN:47,(anonymous_11)
FN:52,(anonymous_12)
FN:56,(anonymous_13)
FN:68,(anonymous_14)
FN:80,(anonymous_15)
FNF:14
FNH:3
FNDA:1,(anonymous_2)
FNDA:1,VisitService
FNDA:0,(anonymous_4)
FNDA:0,(anonymous_5)
FNDA:0,(anonymous_6)
FNDA:0,(anonymous_7)
FNDA:0,(anonymous_8)
FNDA:1,(anonymous_9)
FNDA:0,(anonymous_10)
FNDA:0,(anonymous_11)
FNDA:0,(anonymous_12)
FNDA:0,(anonymous_13)
FNDA:0,(anonymous_14)
FNDA:0,(anonymous_15)
DA:1,1
DA:2,1
DA:3,1
DA:4,1
DA:6,1
DA:8,1
DA:9,1
DA:13,1
DA:14,1
DA:17,1
DA:19,1
DA:20,0
DA:22,0
DA:24,0
DA:26,0
DA:29,1
DA:30,0
DA:32,0
DA:35,0
DA:39,1
DA:40,1
DA:42,1
DA:44,0
DA:47,1
DA:48,0
DA:50,0
DA:52,0
DA:56,1
DA:57,0
DA:59,0
DA:64,0
DA:66,0
DA:68,0
DA:69,0
DA:72,0
DA:76,0
DA:80,0
DA:82,1
LF:38
LH:18
BRDA:80,0,0,0
BRDA:80,0,1,0
BRDA:14,1,0,1
BRDA:14,1,1,0
BRDA:14,2,0,1
BRF:5
BRH:2
end_of_record
TN:
SF:/Users/mickaelmatuchak/Sites/pandatrip/pandatrip-frontend/src/app/visit-details/guide-visit.service.ts
FN:11,(anonymous_2)
FN:12,GuideVisitService
FN:17,(anonymous_4)
FN:23,(anonymous_5)
FN:26,(anonymous_6)
FN:49,(anonymous_7)
FNF:6
FNH:1
FNDA:1,(anonymous_2)
FNDA:0,GuideVisitService
FNDA:0,(anonymous_4)
FNDA:0,(anonymous_5)
FNDA:0,(anonymous_6)
FNDA:0,(anonymous_7)
DA:1,1
DA:2,1
DA:3,1
DA:4,1
DA:5,1
DA:6,1
DA:11,1
DA:12,0
DA:15,0
DA:17,1
DA:18,0
DA:19,0
DA:21,0
DA:23,0
DA:26,1
DA:27,0
DA:29,0
DA:34,0
DA:36,0
DA:45,0
DA:49,0
DA:51,1
LF:22
LH:10
BRDA:49,0,0,0
BRDA:49,0,1,0
BRDA:12,1,0,1
BRDA:12,1,1,0
BRDA:12,2,0,1
BRF:5
BRH:2
end_of_record
TN:
SF:/Users/mickaelmatuchak/Sites/pandatrip/pandatrip-frontend/src/app/visit-details/item-visit.model.ts
FN:4,(anonymous_0)
FN:5,ItemVisitModel
FNF:2
FNH:1
FNDA:1,(anonymous_0)
FNDA:0,ItemVisitModel
DA:4,1
DA:6,0
DA:7,0
DA:14,0
DA:15,1
LF:5
LH:2
BRF:0
BRH:0
end_of_record
TN:
SF:/Users/mickaelmatuchak/Sites/pandatrip/pandatrip-frontend/src/app/visit-details/visit-details.component.ts
FN:27,(anonymous_2)
FN:39,VisitDetailsComponent
FN:48,(anonymous_4)
FN:52,(anonymous_5)
FN:83,(anonymous_6)
FN:101,(anonymous_7)
FN:102,(anonymous_8)
FN:129,(anonymous_9)
FN:144,(anonymous_10)
FN:151,(anonymous_11)
FN:156,(anonymous_12)
FN:162,(anonymous_13)
FN:178,(anonymous_14)
FN:184,(anonymous_15)
FN:195,(anonymous_16)
FN:198,(anonymous_17)
FN:208,(anonymous_18)
FN:214,(anonymous_19)
FN:226,(anonymous_20)
FNF:19
FNH:1
FNDA:1,(anonymous_2)
FNDA:0,VisitDetailsComponent
FNDA:0,(anonymous_4)
FNDA:0,(anonymous_5)
FNDA:0,(anonymous_6)
FNDA:0,(anonymous_7)
FNDA:0,(anonymous_8)
FNDA:0,(anonymous_9)
FNDA:0,(anonymous_10)
FNDA:0,(anonymous_11)
FNDA:0,(anonymous_12)
FNDA:0,(anonymous_13)
FNDA:0,(anonymous_14)
FNDA:0,(anonymous_15)
FNDA:0,(anonymous_16)
FNDA:0,(anonymous_17)
FNDA:0,(anonymous_18)
FNDA:0,(anonymous_19)
FNDA:0,(anonymous_20)
DA:1,1
DA:2,1
DA:3,1
DA:4,1
DA:5,1
DA:6,1
DA:7,1
DA:8,1
DA:9,1
DA:10,1
DA:11,1
DA:12,1
DA:13,1
DA:14,1
DA:27,1
DA:28,0
DA:30,0
DA:31,0
DA:33,0
DA:34,0
DA:37,0
DA:39,0
DA:40,0
DA:41,0
DA:42,0
DA:43,0
DA:44,0
DA:45,0
DA:48,1
DA:49,0
DA:50,0
DA:51,0
DA:53,0
DA:54,0
DA:55,0
DA:57,0
DA:59,0
DA:60,0
DA:61,0
DA:64,0
DA:66,0
DA:67,0
DA:72,0
DA:74,0
DA:82,0
DA:85,0
DA:87,0
DA:88,0
DA:90,0
DA:92,0
DA:101,1
DA:102,0
DA:103,0
DA:105,0
DA:108,0
DA:110,0
DA:111,0
DA:115,0
DA:116,0
DA:118,0
DA:119,0
DA:120,0
DA:123,0
DA:124,0
DA:125,0
DA:129,1
DA:130,0
DA:133,0
DA:144,1
DA:145,0
DA:146,0
DA:147,0
DA:148,0
DA:151,1
DA:152,0
DA:153,0
DA:156,1
DA:159,0
DA:160,0
DA:162,0
DA:163,0
DA:164,0
DA:168,0
DA:169,0
DA:172,0
DA:175,0
DA:178,1
DA:179,0
DA:181,0
DA:184,1
DA:185,0
DA:186,0
DA:188,0
DA:189,0
DA:191,0
DA:195,1
DA:196,0
DA:198,0
DA:199,0
DA:200,0
DA:204,0
DA:205,0
DA:208,1
DA:209,0
DA:210,0
DA:211,0
DA:213,0
DA:216,0
DA:218,0
DA:220,0
DA:222,0
DA:225,0
DA:227,0
DA:229,0
DA:231,0
DA:232,0
DA:237,1
LF:117
LH:26
BRDA:110,0,0,0
BRDA:110,0,1,0
BRDA:119,1,0,0
BRDA:119,1,1,0
BRDA:124,2,0,0
BRDA:124,2,1,0
BRDA:159,3,0,0
BRDA:159,3,1,0
BRDA:163,4,0,0
BRDA:163,4,1,0
BRDA:168,5,0,0
BRDA:168,5,1,0
BRDA:188,6,0,0
BRDA:188,6,1,0
BRDA:199,7,0,0
BRDA:199,7,1,0
BRDA:209,8,0,0
BRDA:209,8,1,0
BRDA:209,9,0,0
BRDA:209,9,1,0
BRDA:209,9,2,0
BRDA:39,10,0,1
BRDA:39,10,1,0
BRDA:39,11,0,1
BRDA:39,12,0,1
BRDA:39,12,1,1
BRDA:39,12,2,0
BRDA:39,13,0,1
BRDA:39,13,1,1
BRDA:40,14,0,1
BRDA:40,14,1,1
BRDA:40,14,2,0
BRDA:40,15,0,1
BRDA:40,15,1,1
BRDA:41,16,0,1
BRDA:41,16,1,1
BRDA:41,16,2,0
BRDA:41,17,0,1
BRDA:41,17,1,1
BRDA:42,18,0,1
BRDA:42,18,1,1
BRDA:42,18,2,0
BRDA:42,19,0,1
BRDA:42,19,1,1
BRDA:43,20,0,1
BRDA:43,20,1,1
BRDA:43,20,2,0
BRDA:43,21,0,1
BRDA:43,21,1,1
BRDA:44,22,0,1
BRDA:44,22,1,1
BRDA:44,22,2,0
BRDA:44,23,0,1
BRDA:44,23,1,1
BRF:54
BRH:26
end_of_record
